#
# There is insufficient memory for the Java Runtime Environment to continue.
# Native memory allocation (malloc) failed to allocate 877456 bytes for Chunk::new
# Possible reasons:
#   The system is out of physical RAM or swap space
#   In 32 bit mode, the process size limit was hit
# Possible solutions:
#   Reduce memory load on the system
#   Increase physical memory or swap space
#   Check if swap backing store is full
#   Use 64 bit Java on a 64 bit OS
#   Decrease Java heap size (-Xmx/-Xms)
#   Decrease number of Java threads
#   Decrease Java thread stack sizes (-Xss)
#   Set larger code cache with -XX:ReservedCodeCacheSize=
# This output file may be truncated or incomplete.
#
#  Out of Memory Error (allocation.cpp:390), pid=16328, tid=0x0000000000003a90
#
# JRE version: OpenJDK Runtime Environment (8.0_152-b01) (build 1.8.0_152-release-915-b01)
# Java VM: OpenJDK 64-Bit Server VM (25.152-b01 mixed mode windows-amd64 compressed oops)
# Failed to write core dump. Minidumps are not enabled by default on client versions of Windows
#

---------------  T H R E A D  ---------------

Current thread (0x0000000016267800):  JavaThread "C2 CompilerThread0" daemon [_thread_in_native, id=14992, stack(0x00000000178d0000,0x00000000179d0000)]

Stack: [0x00000000178d0000,0x00000000179d0000]
[error occurred during error reporting (printing stack bounds), id 0xc0000005]

Native frames: (J=compiled Java code, j=interpreted, Vv=VM code, C=native code)


Current CompileTask:
C2:  23963 4138       4       java.lang.reflect.Method::toString (20 bytes)


---------------  P R O C E S S  ---------------

Java Threads: ( => current thread )
  0x000000001cb4d800 JavaThread "Memory manager" [_thread_blocked, id=9292, stack(0x00000000209c0000,0x0000000020ac0000)]
  0x000000001cb49000 JavaThread "build operations Thread 4" [_thread_blocked, id=5340, stack(0x00000000202c0000,0x00000000203c0000)]
  0x000000001cb4d000 JavaThread "build operations Thread 3" [_thread_blocked, id=7936, stack(0x00000000201c0000,0x00000000202c0000)]
  0x000000001cb4c000 JavaThread "build operations Thread 2" [_thread_blocked, id=9696, stack(0x00000000200c0000,0x00000000201c0000)]
  0x000000001cb4e800 JavaThread "build operations" [_thread_blocked, id=14700, stack(0x000000001f810000,0x000000001f910000)]
  0x000000001cb48800 JavaThread "Cache worker for Artifact transforms cache (C:\Users\Fernando\.gradle\caches\transforms-1)" [_thread_blocked, id=8060, stack(0x000000001f710000,0x000000001f810000)]
  0x000000001affa800 JavaThread "Cache worker for file hash cache (C:\Users\Fernando\AndroidStudioProjects\MathDet\.gradle\4.1\fileHashes)" [_thread_blocked, id=15268, stack(0x000000001be00000,0x000000001bf00000)]
  0x0000000018f04000 JavaThread "File lock request listener" [_thread_in_native, id=15968, stack(0x000000001ad30000,0x000000001ae30000)]
  0x00000000190c8000 JavaThread "Cache worker for file hash cache (C:\Users\Fernando\.gradle\caches\4.1\fileHashes)" [_thread_blocked, id=14924, stack(0x000000001aa30000,0x000000001ab30000)]
  0x0000000018a81000 JavaThread "Stdin handler" [_thread_blocked, id=6008, stack(0x000000001a930000,0x000000001aa30000)]
  0x0000000018a7f000 JavaThread "Asynchronous log dispatcher for DefaultDaemonConnection: socket connection from /127.0.0.1:50895 to /127.0.0.1:50896" [_thread_blocked, id=6068, stack(0x000000001a830000,0x000000001a930000)]
  0x0000000018a93800 JavaThread "Daemon worker" [_thread_in_Java, id=12224, stack(0x000000001a730000,0x000000001a830000)]
  0x0000000018a95800 JavaThread "Cancel handler" [_thread_blocked, id=10692, stack(0x000000001a630000,0x000000001a730000)]
  0x000000001896c800 JavaThread "Handler for socket connection from /127.0.0.1:50895 to /127.0.0.1:50896" [_thread_in_native, id=5800, stack(0x000000001a330000,0x000000001a430000)]
  0x0000000018967800 JavaThread "Daemon" [_thread_blocked, id=6772, stack(0x000000001a230000,0x000000001a330000)]
  0x0000000017d90000 JavaThread "Daemon periodic checks" [_thread_blocked, id=4368, stack(0x000000001a130000,0x000000001a230000)]
  0x0000000017d8b000 JavaThread "Incoming local TCP Connector on port 50895" [_thread_in_native, id=7896, stack(0x0000000019ee0000,0x0000000019fe0000)]
  0x0000000017bf4000 JavaThread "Service Thread" daemon [_thread_blocked, id=5296, stack(0x0000000017fd0000,0x00000000180d0000)]
  0x000000001625f800 JavaThread "C1 CompilerThread2" daemon [_thread_in_native, id=16208, stack(0x0000000017ad0000,0x0000000017bd0000)]
  0x000000001625b800 JavaThread "C2 CompilerThread1" daemon [_thread_in_native, id=13200, stack(0x00000000179d0000,0x0000000017ad0000)]
=>0x0000000016267800 JavaThread "C2 CompilerThread0" daemon [_thread_in_native, id=14992, stack(0x00000000178d0000,0x00000000179d0000)]
  0x0000000016266000 JavaThread "Attach Listener" daemon [_thread_blocked, id=3860, stack(0x00000000177d0000,0x00000000178d0000)]
  0x0000000016265000 JavaThread "Signal Dispatcher" daemon [_thread_blocked, id=11308, stack(0x00000000176d0000,0x00000000177d0000)]
  0x00000000028eb800 JavaThread "Finalizer" daemon [_thread_blocked, id=1392, stack(0x00000000174c0000,0x00000000175c0000)]
  0x00000000028e1000 JavaThread "Reference Handler" daemon [_thread_blocked, id=15900, stack(0x00000000173c0000,0x00000000174c0000)]
  0x00000000026ee000 JavaThread "main" [_thread_blocked, id=4832, stack(0x00000000026f0000,0x00000000027f0000)]

Other Threads:
  0x0000000016225800 VMThread [stack: 0x00000000172c0000,0x00000000173c0000] [id=15660]
  0x0000000017bf5800 WatcherThread [stack: 0x00000000180d0000,0x00000000181d0000] [id=15572]

VM state:not at safepoint (normal execution)

VM Mutex/Monitor currently owned by a thread: None

Heap:
 PSYoungGen      total 56832K, used 9233K [0x00000000e0000000, 0x00000000e4680000, 0x0000000100000000)
  eden space 51200K, 9% used [0x00000000e0000000,0x00000000e04daf10,0x00000000e3200000)
  from space 5632K, 75% used [0x00000000e3200000,0x00000000e3629518,0x00000000e3780000)
  to   space 6144K, 0% used [0x00000000e4080000,0x00000000e4080000,0x00000000e4680000)
 ParOldGen       total 54784K, used 14648K [0x00000000a0000000, 0x00000000a3580000, 0x00000000e0000000)
  object space 54784K, 26% used [0x00000000a0000000,0x00000000a0e4e170,0x00000000a3580000)
 Metaspace       used 37843K, capacity 38566K, committed 38872K, reserved 1083392K
  class space    used 5071K, capacity 5331K, committed 5376K, reserved 1048576K

Card table byte_map: [0x0000000011cb0000,0x0000000011fc0000] byte_map_base: 0x00000000117b0000

Marking Bits: (ParMarkBitMap*) 0x000000005b993950
 Begin Bits: [0x00000000125c0000, 0x0000000013dc0000)
 End Bits:   [0x0000000013dc0000, 0x00000000155c0000)

Polling page: 0x0000000000940000

CodeCache: size=245760Kb used=14844Kb max_used=14844Kb free=230915Kb
 bounds [0x00000000028f0000, 0x0000000003780000, 0x00000000118f0000]
 total_blobs=4721 nmethods=4012 adapters=622
 compilation: enabled

Compilation events (10 events):
Event: 23.949 Thread 0x000000001625f800 nmethod 4303 0x0000000003775b50 code [0x0000000003775cc0, 0x0000000003775f30]
Event: 23.949 Thread 0x000000001625f800 4317       1       org.gradle.model.internal.core.ModelActionRole::isSubjectViewAvailable (5 bytes)
Event: 23.949 Thread 0x000000001625f800 nmethod 4317 0x0000000003741a90 code [0x0000000003741be0, 0x0000000003741cf0]
Event: 23.949 Thread 0x000000001625f800 4318       1       org.gradle.model.internal.core.ModelActionRole::getTargetState (5 bytes)
Event: 23.949 Thread 0x000000001625f800 nmethod 4318 0x0000000003776050 code [0x00000000037761a0, 0x00000000037762b0]
Event: 23.950 Thread 0x000000001625f800 4319  s    3       sun.net.www.protocol.file.Handler::openConnection (7 bytes)
Event: 23.950 Thread 0x000000001625f800 nmethod 4319 0x0000000003776310 code [0x0000000003776480, 0x0000000003776788]
Event: 23.950 Thread 0x000000001625f800 4320  s!   3       sun.net.www.protocol.file.Handler::openConnection (269 bytes)
Event: 23.953 Thread 0x000000001625f800 nmethod 4320 0x0000000003776850 code [0x0000000003776ce0, 0x0000000003779c08]
Event: 23.953 Thread 0x000000001625f800 4322       3       org.objectweb.asm.ClassReader::readCode (3343 bytes)

GC Heap History (10 events):
Event: 19.229 GC heap before
{Heap before GC invocations=15 (full 1):
 PSYoungGen      total 35840K, used 32428K [0x00000000e0000000, 0x00000000e3380000, 0x0000000100000000)
  eden space 29696K, 100% used [0x00000000e0000000,0x00000000e1d00000,0x00000000e1d00000)
  from space 6144K, 44% used [0x00000000e1d00000,0x00000000e1fab0d0,0x00000000e2300000)
  to   space 6144K, 0% used [0x00000000e2d80000,0x00000000e2d80000,0x00000000e3380000)
 ParOldGen       total 33280K, used 11351K [0x00000000a0000000, 0x00000000a2080000, 0x00000000e0000000)
  object space 33280K, 34% used [0x00000000a0000000,0x00000000a0b15e90,0x00000000a2080000)
 Metaspace       used 30287K, capacity 30904K, committed 31232K, reserved 1077248K
  class space    used 4124K, capacity 4323K, committed 4352K, reserved 1048576K
Event: 19.234 GC heap after
Heap after GC invocations=15 (full 1):
 PSYoungGen      total 44544K, used 1056K [0x00000000e0000000, 0x00000000e3280000, 0x0000000100000000)
  eden space 39424K, 0% used [0x00000000e0000000,0x00000000e0000000,0x00000000e2680000)
  from space 5120K, 20% used [0x00000000e2d80000,0x00000000e2e88000,0x00000000e3280000)
  to   space 6144K, 0% used [0x00000000e2680000,0x00000000e2680000,0x00000000e2c80000)
 ParOldGen       total 33280K, used 12020K [0x00000000a0000000, 0x00000000a2080000, 0x00000000e0000000)
  object space 33280K, 36% used [0x00000000a0000000,0x00000000a0bbd2b0,0x00000000a2080000)
 Metaspace       used 30287K, capacity 30904K, committed 31232K, reserved 1077248K
  class space    used 4124K, capacity 4323K, committed 4352K, reserved 1048576K
}
Event: 21.971 GC heap before
{Heap before GC invocations=16 (full 1):
 PSYoungGen      total 44544K, used 40480K [0x00000000e0000000, 0x00000000e3280000, 0x0000000100000000)
  eden space 39424K, 100% used [0x00000000e0000000,0x00000000e2680000,0x00000000e2680000)
  from space 5120K, 20% used [0x00000000e2d80000,0x00000000e2e88000,0x00000000e3280000)
  to   space 6144K, 0% used [0x00000000e2680000,0x00000000e2680000,0x00000000e2c80000)
 ParOldGen       total 33280K, used 12020K [0x00000000a0000000, 0x00000000a2080000, 0x00000000e0000000)
  object space 33280K, 36% used [0x00000000a0000000,0x00000000a0bbd2b0,0x00000000a2080000)
 Metaspace       used 31784K, capacity 32462K, committed 32768K, reserved 1077248K
  class space    used 4327K, capacity 4568K, committed 4608K, reserved 1048576K
Event: 21.976 GC heap after
Heap after GC invocations=16 (full 1):
 PSYoungGen      total 45568K, used 2771K [0x00000000e0000000, 0x00000000e3d80000, 0x0000000100000000)
  eden space 39424K, 0% used [0x00000000e0000000,0x00000000e0000000,0x00000000e2680000)
  from space 6144K, 45% used [0x00000000e2680000,0x00000000e2934c10,0x00000000e2c80000)
  to   space 6144K, 0% used [0x00000000e3780000,0x00000000e3780000,0x00000000e3d80000)
 ParOldGen       total 33280K, used 12572K [0x00000000a0000000, 0x00000000a2080000, 0x00000000e0000000)
  object space 33280K, 37% used [0x00000000a0000000,0x00000000a0c472b0,0x00000000a2080000)
 Metaspace       used 31784K, capacity 32462K, committed 32768K, reserved 1077248K
  class space    used 4327K, capacity 4568K, committed 4608K, reserved 1048576K
}
Event: 22.764 GC heap before
{Heap before GC invocations=17 (full 1):
 PSYoungGen      total 45568K, used 14081K [0x00000000e0000000, 0x00000000e3d80000, 0x0000000100000000)
  eden space 39424K, 28% used [0x00000000e0000000,0x00000000e0b0bb98,0x00000000e2680000)
  from space 6144K, 45% used [0x00000000e2680000,0x00000000e2934c10,0x00000000e2c80000)
  to   space 6144K, 0% used [0x00000000e3780000,0x00000000e3780000,0x00000000e3d80000)
 ParOldGen       total 33280K, used 12572K [0x00000000a0000000, 0x00000000a2080000, 0x00000000e0000000)
  object space 33280K, 37% used [0x00000000a0000000,0x00000000a0c472b0,0x00000000a2080000)
 Metaspace       used 34451K, capacity 35174K, committed 35416K, reserved 1079296K
  class space    used 4682K, capacity 4925K, committed 4992K, reserved 1048576K
Event: 22.771 GC heap after
Heap after GC invocations=17 (full 1):
 PSYoungGen      total 56832K, used 3416K [0x00000000e0000000, 0x00000000e3d00000, 0x0000000100000000)
  eden space 51200K, 0% used [0x00000000e0000000,0x00000000e0000000,0x00000000e3200000)
  from space 5632K, 60% used [0x00000000e3780000,0x00000000e3ad6148,0x00000000e3d00000)
  to   space 5632K, 0% used [0x00000000e3200000,0x00000000e3200000,0x00000000e3780000)
 ParOldGen       total 33280K, used 12580K [0x00000000a0000000, 0x00000000a2080000, 0x00000000e0000000)
  object space 33280K, 37% used [0x00000000a0000000,0x00000000a0c492b0,0x00000000a2080000)
 Metaspace       used 34451K, capacity 35174K, committed 35416K, reserved 1079296K
  class space    used 4682K, capacity 4925K, committed 4992K, reserved 1048576K
}
Event: 22.771 GC heap before
{Heap before GC invocations=18 (full 2):
 PSYoungGen      total 56832K, used 3416K [0x00000000e0000000, 0x00000000e3d00000, 0x0000000100000000)
  eden space 51200K, 0% used [0x00000000e0000000,0x00000000e0000000,0x00000000e3200000)
  from space 5632K, 60% used [0x00000000e3780000,0x00000000e3ad6148,0x00000000e3d00000)
  to   space 5632K, 0% used [0x00000000e3200000,0x00000000e3200000,0x00000000e3780000)
 ParOldGen       total 33280K, used 12580K [0x00000000a0000000, 0x00000000a2080000, 0x00000000e0000000)
  object space 33280K, 37% used [0x00000000a0000000,0x00000000a0c492b0,0x00000000a2080000)
 Metaspace       used 34451K, capacity 35174K, committed 35416K, reserved 1079296K
  class space    used 4682K, capacity 4925K, committed 4992K, reserved 1048576K
Event: 22.889 GC heap after
Heap after GC invocations=18 (full 2):
 PSYoungGen      total 56832K, used 0K [0x00000000e0000000, 0x00000000e3d00000, 0x0000000100000000)
  eden space 51200K, 0% used [0x00000000e0000000,0x00000000e0000000,0x00000000e3200000)
  from space 5632K, 0% used [0x00000000e3780000,0x00000000e3780000,0x00000000e3d00000)
  to   space 5632K, 0% used [0x00000000e3200000,0x00000000e3200000,0x00000000e3780000)
 ParOldGen       total 54784K, used 14640K [0x00000000a0000000, 0x00000000a3580000, 0x00000000e0000000)
  object space 54784K, 26% used [0x00000000a0000000,0x00000000a0e4c170,0x00000000a3580000)
 Metaspace       used 34451K, capacity 35174K, committed 35416K, reserved 1079296K
  class space    used 4682K, capacity 4925K, committed 4992K, reserved 1048576K
}
Event: 23.895 GC heap before
{Heap before GC invocations=19 (full 2):
 PSYoungGen      total 56832K, used 51200K [0x00000000e0000000, 0x00000000e3d00000, 0x0000000100000000)
  eden space 51200K, 100% used [0x00000000e0000000,0x00000000e3200000,0x00000000e3200000)
  from space 5632K, 0% used [0x00000000e3780000,0x00000000e3780000,0x00000000e3d00000)
  to   space 5632K, 0% used [0x00000000e3200000,0x00000000e3200000,0x00000000e3780000)
 ParOldGen       total 54784K, used 14640K [0x00000000a0000000, 0x00000000a3580000, 0x00000000e0000000)
  object space 54784K, 26% used [0x00000000a0000000,0x00000000a0e4c170,0x00000000a3580000)
 Metaspace       used 37735K, capacity 38502K, committed 38872K, reserved 1083392K
  class space    used 5061K, capacity 5331K, committed 5376K, reserved 1048576K
Event: 23.904 GC heap after
Heap after GC invocations=19 (full 2):
 PSYoungGen      total 56832K, used 4261K [0x00000000e0000000, 0x00000000e4680000, 0x0000000100000000)
  eden space 51200K, 0% used [0x00000000e0000000,0x00000000e0000000,0x00000000e3200000)
  from space 5632K, 75% used [0x00000000e3200000,0x00000000e3629518,0x00000000e3780000)
  to   space 6144K, 0% used [0x00000000e4080000,0x00000000e4080000,0x00000000e4680000)
 ParOldGen       total 54784K, used 14648K [0x00000000a0000000, 0x00000000a3580000, 0x00000000e0000000)
  object space 54784K, 26% used [0x00000000a0000000,0x00000000a0e4e170,0x00000000a3580000)
 Metaspace       used 37735K, capacity 38502K, committed 38872K, reserved 1083392K
  class space    used 5061K, capacity 5331K, committed 5376K, reserved 1048576K
}

Deoptimization events (10 events):
Event: 22.207 Thread 0x0000000018a93800 Uncommon trap: reason=unstable_if action=reinterpret pc=0x0000000003170030 method=groovy.lang.MetaClassImpl$1MOPIter.methodNameAction(Ljava/lang/Class;Lorg/codehaus/groovy/runtime/metaclass/MetaMethodIndex$Entry;)V @ 259
Event: 22.512 Thread 0x0000000018a93800 Uncommon trap: reason=unstable_if action=reinterpret pc=0x000000000331ce50 method=java.lang.Integer.valueOf(I)Ljava/lang/Integer; @ 3
Event: 22.526 Thread 0x0000000018a93800 Uncommon trap: reason=predicate action=maybe_recompile pc=0x00000000035efdac method=java.util.Arrays.binarySearch0([Ljava/lang/Object;IILjava/lang/Object;Ljava/util/Comparator;)I @ 28
Event: 22.526 Thread 0x0000000018a93800 Uncommon trap: reason=predicate action=maybe_recompile pc=0x00000000035ebae4 method=java.util.Arrays.binarySearch0([Ljava/lang/Object;IILjava/lang/Object;Ljava/util/Comparator;)I @ 28
Event: 23.422 Thread 0x0000000018a93800 Uncommon trap: reason=unstable_if action=reinterpret pc=0x000000000304f3a0 method=java.util.concurrent.ConcurrentHashMap.get(Ljava/lang/Object;)Ljava/lang/Object; @ 152
Event: 23.647 Thread 0x0000000018a93800 Uncommon trap: reason=unstable_if action=reinterpret pc=0x000000000318a1b8 method=java.util.HashMap.putVal(ILjava/lang/Object;Ljava/lang/Object;ZZ)Ljava/lang/Object; @ 162
Event: 23.647 Thread 0x0000000018a93800 Uncommon trap: reason=unstable_if action=reinterpret pc=0x0000000003185028 method=java.util.HashMap.putVal(ILjava/lang/Object;Ljava/lang/Object;ZZ)Ljava/lang/Object; @ 162
Event: 23.648 Thread 0x0000000018a93800 Uncommon trap: reason=unstable_if action=reinterpret pc=0x0000000002b7b978 method=java.util.HashMap.resize()[Ljava/util/HashMap$Node; @ 206
Event: 23.773 Thread 0x0000000018a93800 Uncommon trap: reason=unstable_if action=reinterpret pc=0x00000000036d0bf4 method=java.lang.reflect.Modifier.toString(I)Ljava/lang/String; @ 123
Event: 23.773 Thread 0x0000000018a93800 Uncommon trap: reason=unstable_if action=reinterpret pc=0x00000000036e5e48 method=java.lang.reflect.Modifier.toString(I)Ljava/lang/String; @ 123

Classes redefined (0 events):
No events

Internal exceptions (10 events):
Event: 22.209 Thread 0x0000000018a93800 Exception <a 'java/lang/ClassNotFoundException': org/gradle/api/internal/project/DefaultAntBuilderBeanInfo> (0x00000000e058f490) thrown at [D:\src\AOSP-openjdk-cygwin\jdk8u\hotspot\src\share\vm\classfile\systemDictionary.cpp, line 210]
Event: 22.210 Thread 0x0000000018a93800 Exception <a 'java/lang/ClassNotFoundException': org/gradle/api/internal/project/ant/BasicAntBuilderBeanInfo> (0x00000000e05bd338) thrown at [D:\src\AOSP-openjdk-cygwin\jdk8u\hotspot\src\share\vm\classfile\systemDictionary.cpp, line 210]
Event: 22.211 Thread 0x0000000018a93800 Exception <a 'java/lang/ClassNotFoundException': org/gradle/api/AntBuilderBeanInfo> (0x00000000e05dd8b0) thrown at [D:\src\AOSP-openjdk-cygwin\jdk8u\hotspot\src\share\vm\classfile\systemDictionary.cpp, line 210]
Event: 22.213 Thread 0x0000000018a93800 Exception <a 'java/lang/ClassNotFoundException': groovy/util/AntBuilderBeanInfo> (0x00000000e05fc960) thrown at [D:\src\AOSP-openjdk-cygwin\jdk8u\hotspot\src\share\vm\classfile\systemDictionary.cpp, line 210]
Event: 22.214 Thread 0x0000000018a93800 Exception <a 'java/lang/ClassNotFoundException': groovy/util/BuilderSupportBeanInfo> (0x00000000e061ceb0) thrown at [D:\src\AOSP-openjdk-cygwin\jdk8u\hotspot\src\share\vm\classfile\systemDictionary.cpp, line 210]
Event: 22.214 Thread 0x0000000018a93800 Exception <a 'java/lang/ClassNotFoundException': groovy/util/BuilderSupportCustomizer> (0x00000000e063f290) thrown at [D:\src\AOSP-openjdk-cygwin\jdk8u\hotspot\src\share\vm\classfile\systemDictionary.cpp, line 210]
Event: 22.216 Thread 0x0000000018a93800 Exception <a 'java/lang/ClassNotFoundException': groovy/util/AntBuilderCustomizer> (0x00000000e0662498) thrown at [D:\src\AOSP-openjdk-cygwin\jdk8u\hotspot\src\share\vm\classfile\systemDictionary.cpp, line 210]
Event: 22.217 Thread 0x0000000018a93800 Exception <a 'java/lang/ClassNotFoundException': org/gradle/api/AntBuilderCustomizer> (0x00000000e068a878) thrown at [D:\src\AOSP-openjdk-cygwin\jdk8u\hotspot\src\share\vm\classfile\systemDictionary.cpp, line 210]
Event: 22.219 Thread 0x0000000018a93800 Exception <a 'java/lang/ClassNotFoundException': org/gradle/api/internal/project/ant/BasicAntBuilderCustomizer> (0x00000000e06c6bc0) thrown at [D:\src\AOSP-openjdk-cygwin\jdk8u\hotspot\src\share\vm\classfile\systemDictionary.cpp, line 210]
Event: 22.220 Thread 0x0000000018a93800 Exception <a 'java/lang/ClassNotFoundException': org/gradle/api/internal/project/DefaultAntBuilderCustomizer> (0x00000000e0709ca8) thrown at [D:\src\AOSP-openjdk-cygwin\jdk8u\hotspot\src\share\vm\classfile\systemDictionary.cpp, line 210]

Events (10 events):
Event: 23.952 loading class org/gradle/api/java/archives/Manifest
Event: 23.952 loading class org/gradle/api/java/archives/Manifest done
Event: 23.953 loading class org/gradle/api/internal/tasks/DefaultSourceSetContainer
Event: 23.953 loading class org/gradle/api/internal/tasks/DefaultSourceSetContainer done
Event: 23.953 loading class org/gradle/api/tasks/SourceSetContainer
Event: 23.953 loading class org/gradle/api/tasks/SourceSetContainer done
Event: 23.955 loading class org/gradle/api/internal/file/DefaultSourceDirectorySetFactory
Event: 23.955 loading class org/gradle/api/internal/file/DefaultSourceDirectorySetFactory done
Event: 23.956 loading class org/gradle/api/tasks/SourceSet
Event: 23.956 loading class org/gradle/api/tasks/SourceSet done


Dynamic libraries:
0x00007ff74b730000 - 0x00007ff74b761000 	C:\Program Files\Android\Android Studio\jre\bin\java.exe
0x00007ffc122d0000 - 0x00007ffc124ab000 	C:\WINDOWS\SYSTEM32\ntdll.dll
0x00007ffc11290000 - 0x00007ffc1133e000 	C:\WINDOWS\System32\KERNEL32.DLL
0x00007ffc0ec20000 - 0x00007ffc0ee69000 	C:\WINDOWS\System32\KERNELBASE.dll
0x00007ffc11340000 - 0x00007ffc113e1000 	C:\WINDOWS\System32\ADVAPI32.dll
0x00007ffc12220000 - 0x00007ffc122bd000 	C:\WINDOWS\System32\msvcrt.dll
0x00007ffc0fa00000 - 0x00007ffc0fa59000 	C:\WINDOWS\System32\sechost.dll
0x00007ffc113f0000 - 0x00007ffc11515000 	C:\WINDOWS\System32\RPCRT4.dll
0x00007ffc11140000 - 0x00007ffc1128a000 	C:\WINDOWS\System32\USER32.dll
0x00007ffc0ea70000 - 0x00007ffc0ea8e000 	C:\WINDOWS\System32\win32u.dll
0x00007ffc11d40000 - 0x00007ffc11d67000 	C:\WINDOWS\System32\GDI32.dll
0x00007ffc0ea90000 - 0x00007ffc0ec17000 	C:\WINDOWS\System32\gdi32full.dll
0x00007ffc0f790000 - 0x00007ffc0f82a000 	C:\WINDOWS\System32\msvcp_win.dll
0x00007ffc0f620000 - 0x00007ffc0f716000 	C:\WINDOWS\System32\ucrtbase.dll
0x00007ffc011a0000 - 0x00007ffc01407000 	C:\WINDOWS\WinSxS\amd64_microsoft.windows.common-controls_6595b64144ccf1df_6.0.15063.483_none_26002d27e7c744a2\COMCTL32.dll
0x00007ffc11ef0000 - 0x00007ffc121e9000 	C:\WINDOWS\System32\combase.dll
0x00007ffc0f720000 - 0x00007ffc0f78a000 	C:\WINDOWS\System32\bcryptPrimitives.dll
0x00007ffc0f9d0000 - 0x00007ffc0f9fd000 	C:\WINDOWS\System32\IMM32.DLL
0x000000005acc0000 - 0x000000005ad92000 	C:\Program Files\Android\Android Studio\jre\jre\bin\msvcr100.dll
0x000000005b1d0000 - 0x000000005ba0e000 	C:\Program Files\Android\Android Studio\jre\jre\bin\server\jvm.dll
0x00007ffc121f0000 - 0x00007ffc121f8000 	C:\WINDOWS\System32\PSAPI.DLL
0x00007ffbfe230000 - 0x00007ffbfe23a000 	C:\WINDOWS\SYSTEM32\VERSION.dll
0x00007ffbfd2d0000 - 0x00007ffbfd2d9000 	C:\WINDOWS\SYSTEM32\WSOCK32.dll
0x00007ffc0cce0000 - 0x00007ffc0cd03000 	C:\WINDOWS\SYSTEM32\WINMM.dll
0x00007ffc11070000 - 0x00007ffc110dc000 	C:\WINDOWS\System32\WS2_32.dll
0x00007ffc0ccb0000 - 0x00007ffc0ccdb000 	C:\WINDOWS\SYSTEM32\winmmbase.dll
0x00007ffc0ea20000 - 0x00007ffc0ea69000 	C:\WINDOWS\System32\cfgmgr32.dll
0x00007ffbee440000 - 0x00007ffbee44f000 	C:\Program Files\Android\Android Studio\jre\jre\bin\verify.dll
0x00007ffbe6ce0000 - 0x00007ffbe6d09000 	C:\Program Files\Android\Android Studio\jre\jre\bin\java.dll
0x00007ffbee010000 - 0x00007ffbee026000 	C:\Program Files\Android\Android Studio\jre\jre\bin\zip.dll
0x00007ffc0fc30000 - 0x00007ffc11067000 	C:\WINDOWS\System32\SHELL32.dll
0x00007ffc11520000 - 0x00007ffc115ca000 	C:\WINDOWS\System32\shcore.dll
0x00007ffc0ee70000 - 0x00007ffc0f561000 	C:\WINDOWS\System32\windows.storage.dll
0x00007ffc11720000 - 0x00007ffc11771000 	C:\WINDOWS\System32\shlwapi.dll
0x00007ffc0e7b0000 - 0x00007ffc0e7c1000 	C:\WINDOWS\System32\kernel.appcore.dll
0x00007ffc0e760000 - 0x00007ffc0e7ac000 	C:\WINDOWS\System32\powrprof.dll
0x00007ffc0e7d0000 - 0x00007ffc0e7e5000 	C:\WINDOWS\System32\profapi.dll
0x00007ffbe7ee0000 - 0x00007ffbe7efa000 	C:\Program Files\Android\Android Studio\jre\jre\bin\net.dll
0x00007ffc0dff0000 - 0x00007ffc0e04c000 	C:\WINDOWS\system32\mswsock.dll
0x00007ffbe7e20000 - 0x00007ffbe7e31000 	C:\Program Files\Android\Android Studio\jre\jre\bin\nio.dll
0x00007ffbe9120000 - 0x00007ffbe913e000 	C:\Users\Fernando\.gradle\native\25\windows-amd64\native-platform.dll
0x00007ffbff360000 - 0x00007ffbff36d000 	C:\Program Files\Android\Android Studio\jre\jre\bin\management.dll
0x00007ffc0e190000 - 0x00007ffc0e1a7000 	C:\WINDOWS\SYSTEM32\CRYPTSP.dll
0x00007ffc0dc10000 - 0x00007ffc0dc44000 	C:\WINDOWS\system32\rsaenh.dll
0x00007ffc0e570000 - 0x00007ffc0e595000 	C:\WINDOWS\SYSTEM32\bcrypt.dll
0x00007ffc0e640000 - 0x00007ffc0e669000 	C:\WINDOWS\SYSTEM32\USERENV.dll
0x00007ffc0e1b0000 - 0x00007ffc0e1bb000 	C:\WINDOWS\SYSTEM32\CRYPTBASE.dll
0x00007ffc0dd90000 - 0x00007ffc0ddc7000 	C:\WINDOWS\SYSTEM32\IPHLPAPI.DLL
0x00007ffc11d70000 - 0x00007ffc11d78000 	C:\WINDOWS\System32\NSI.dll
0x00007ffc05ba0000 - 0x00007ffc05bb6000 	C:\WINDOWS\SYSTEM32\dhcpcsvc6.DLL
0x00007ffc05b80000 - 0x00007ffc05b9a000 	C:\WINDOWS\SYSTEM32\dhcpcsvc.DLL

VM Arguments:
jvm_args: -Xmx1536m -Dfile.encoding=windows-1252 -Duser.country=CO -Duser.language=es -Duser.variant 
java_command: org.gradle.launcher.daemon.bootstrap.GradleDaemon 4.1
java_class_path (initial): C:\Users\Fernando\.gradle\wrapper\dists\gradle-4.1-all\bzyivzo6n839fup2jbap0tjew\gradle-4.1\lib\gradle-launcher-4.1.jar
Launcher Type: SUN_STANDARD

Environment Variables:
JAVA_HOME=C:\Program Files\Java\jdk-9.0.1\bin
PATH=C:\Program Files\Java\jdk-9.0.1\bin;C:\Program Files\Git\cmd;C:\WINDOWS\system32;C:\WINDOWS;C:\WINDOWS\System32\Wbem;C:\WINDOWS\System32\WindowsPowerShell\v1.0\;C:\Program Files\MongoDB\Server\3.4\bin;C:\Program Files\Java\jdk-9.0.1\bin
USERNAME=Fernan Programer
OS=Windows_NT
PROCESSOR_IDENTIFIER=Intel64 Family 6 Model 78 Stepping 3, GenuineIntel



---------------  S Y S T E M  ---------------

OS: Windows 10.0 , 64 bit Build 15063 (10.0.15063.296)

CPU:total 4 (initial active 4) (2 cores per cpu, 2 threads per core) family 6 model 78 stepping 3, cmov, cx8, fxsr, mmx, sse, sse2, sse3, ssse3, sse4.1, sse4.2, popcnt, avx, avx2, aes, clmul, erms, 3dnowpref, lzcnt, ht, tsc, tscinvbit, bmi1, bmi2, adx

Memory: 4k page, physical 4076772k(238224k free), swap 6173924k(5308k free)

vm_info: OpenJDK 64-Bit Server VM (25.152-b01) for windows-amd64 JRE (1.8.0_152-release-915-b01), built by "builder" with MS VC++ 10.0 (VS2010)

time: Thu Jan 11 19:21:29 2018
elapsed time: 23 seconds (0d 0h 0m 23s)

