#
# There is insufficient memory for the Java Runtime Environment to continue.
# Native memory allocation (malloc) failed to allocate 32744 bytes for ChunkPool::allocate
# Possible reasons:
#   The system is out of physical RAM or swap space
#   In 32 bit mode, the process size limit was hit
# Possible solutions:
#   Reduce memory load on the system
#   Increase physical memory or swap space
#   Check if swap backing store is full
#   Use 64 bit Java on a 64 bit OS
#   Decrease Java heap size (-Xmx/-Xms)
#   Decrease number of Java threads
#   Decrease Java thread stack sizes (-Xss)
#   Set larger code cache with -XX:ReservedCodeCacheSize=
# This output file may be truncated or incomplete.
#
#  Out of Memory Error (allocation.cpp:273), pid=1204, tid=0x00000000000035b4
#
# JRE version: OpenJDK Runtime Environment (8.0_152-b01) (build 1.8.0_152-release-915-b01)
# Java VM: OpenJDK 64-Bit Server VM (25.152-b01 mixed mode windows-amd64 compressed oops)
# Failed to write core dump. Minidumps are not enabled by default on client versions of Windows
#

---------------  T H R E A D  ---------------

Current thread (0x000000001659c000):  JavaThread "C2 CompilerThread0" daemon [_thread_in_native, id=13748, stack(0x0000000017c20000,0x0000000017d20000)]

Stack: [0x0000000017c20000,0x0000000017d20000]
[error occurred during error reporting (printing stack bounds), id 0xc0000005]

Native frames: (J=compiled Java code, j=interpreted, Vv=VM code, C=native code)


Current CompileTask:
C2:  74553 4657   !   4       com.sun.beans.TypeResolver::resolve (274 bytes)


---------------  P R O C E S S  ---------------

Java Threads: ( => current thread )
  0x00000000198e1800 JavaThread "Memory manager" [_thread_blocked, id=10736, stack(0x000000001edd0000,0x000000001eed0000)]
  0x00000000198e0800 JavaThread "build operations Thread 4" [_thread_blocked, id=16136, stack(0x000000001e6d0000,0x000000001e7d0000)]
  0x00000000198e0000 JavaThread "build operations Thread 3" [_thread_blocked, id=11564, stack(0x000000001e5d0000,0x000000001e6d0000)]
  0x00000000198e3800 JavaThread "build operations Thread 2" [_thread_blocked, id=3524, stack(0x000000001e4d0000,0x000000001e5d0000)]
  0x00000000198e6000 JavaThread "build operations" [_thread_blocked, id=4932, stack(0x000000001e2d0000,0x000000001e3d0000)]
  0x00000000198df000 JavaThread "Cache worker for Artifact transforms cache (C:\Users\Fernando\.gradle\caches\transforms-1)" [_thread_blocked, id=3352, stack(0x000000001ddd0000,0x000000001ded0000)]
  0x0000000019573000 JavaThread "Cache worker for file hash cache (C:\Users\Fernando\AndroidStudioProjects\MathDet\.gradle\4.1\fileHashes)" [_thread_blocked, id=3328, stack(0x000000001c4d0000,0x000000001c5d0000)]
  0x0000000018407000 JavaThread "File lock request listener" [_thread_in_native, id=12488, stack(0x000000001af50000,0x000000001b050000)]
  0x00000000195fc000 JavaThread "Cache worker for file hash cache (C:\Users\Fernando\.gradle\caches\4.1\fileHashes)" [_thread_blocked, id=3024, stack(0x000000001ae50000,0x000000001af50000)]
  0x0000000019371000 JavaThread "Stdin handler" [_thread_blocked, id=8896, stack(0x000000001ad50000,0x000000001ae50000)]
  0x0000000019370000 JavaThread "Asynchronous log dispatcher for DefaultDaemonConnection: socket connection from /127.0.0.1:50884 to /127.0.0.1:50885" [_thread_blocked, id=8416, stack(0x000000001ac50000,0x000000001ad50000)]
  0x000000001936a800 JavaThread "Daemon worker" [_thread_in_native, id=3464, stack(0x000000001ab50000,0x000000001ac50000)]
  0x0000000018499000 JavaThread "Cancel handler" [_thread_blocked, id=452, stack(0x000000001aa50000,0x000000001ab50000)]
  0x0000000018eeb800 JavaThread "Handler for socket connection from /127.0.0.1:50884 to /127.0.0.1:50885" [_thread_in_native, id=9004, stack(0x000000001a750000,0x000000001a850000)]
  0x0000000018b41000 JavaThread "Daemon" [_thread_blocked, id=12852, stack(0x000000001a650000,0x000000001a750000)]
  0x0000000018933000 JavaThread "Daemon periodic checks" [_thread_blocked, id=7564, stack(0x000000001a550000,0x000000001a650000)]
  0x00000000187d8800 JavaThread "Incoming local TCP Connector on port 50884" [_thread_in_native, id=8628, stack(0x0000000018520000,0x0000000018620000)]
  0x00000000165e7800 JavaThread "Service Thread" daemon [_thread_blocked, id=6544, stack(0x0000000017f20000,0x0000000018020000)]
  0x00000000165a2800 JavaThread "C1 CompilerThread2" daemon [_thread_blocked, id=9488, stack(0x0000000017e20000,0x0000000017f20000)]
  0x000000001659f000 JavaThread "C2 CompilerThread1" daemon [_thread_in_native, id=15160, stack(0x0000000017d20000,0x0000000017e20000)]
=>0x000000001659c000 JavaThread "C2 CompilerThread0" daemon [_thread_in_native, id=13748, stack(0x0000000017c20000,0x0000000017d20000)]
  0x00000000165a6000 JavaThread "Attach Listener" daemon [_thread_blocked, id=12880, stack(0x0000000017b20000,0x0000000017c20000)]
  0x00000000165a5000 JavaThread "Signal Dispatcher" daemon [_thread_blocked, id=15024, stack(0x0000000017a20000,0x0000000017b20000)]
  0x0000000002c0c000 JavaThread "Finalizer" daemon [_thread_blocked, id=4544, stack(0x0000000017800000,0x0000000017900000)]
  0x0000000002c01000 JavaThread "Reference Handler" daemon [_thread_blocked, id=4912, stack(0x0000000017700000,0x0000000017800000)]
  0x00000000029ee000 JavaThread "main" [_thread_blocked, id=4908, stack(0x00000000029f0000,0x0000000002af0000)]

Other Threads:
  0x0000000016565800 VMThread [stack: 0x0000000017600000,0x0000000017700000] [id=11956]
  0x00000000165e9000 WatcherThread [stack: 0x0000000018020000,0x0000000018120000] [id=10316]

VM state:not at safepoint (normal execution)

VM Mutex/Monitor currently owned by a thread: None

Heap:
 PSYoungGen      total 29696K, used 18420K [0x00000000e0000000, 0x00000000e2280000, 0x0000000100000000)
  eden space 25088K, 62% used [0x00000000e0000000,0x00000000e0f33888,0x00000000e1880000)
  from space 4608K, 61% used [0x00000000e1e00000,0x00000000e20c9b30,0x00000000e2280000)
  to   space 5120K, 0% used [0x00000000e1880000,0x00000000e1880000,0x00000000e1d80000)
 ParOldGen       total 33280K, used 19316K [0x00000000a0000000, 0x00000000a2080000, 0x00000000e0000000)
  object space 33280K, 58% used [0x00000000a0000000,0x00000000a12dd050,0x00000000a2080000)
 Metaspace       used 42227K, capacity 43180K, committed 43608K, reserved 1087488K
  class space    used 5661K, capacity 5995K, committed 6016K, reserved 1048576K

Card table byte_map: [0x0000000011fd0000,0x00000000122e0000] byte_map_base: 0x0000000011ad0000

Marking Bits: (ParMarkBitMap*) 0x000000005b993950
 Begin Bits: [0x00000000128e0000, 0x00000000140e0000)
 End Bits:   [0x00000000140e0000, 0x00000000158e0000)

Polling page: 0x00000000029c0000

CodeCache: size=245760Kb used=14998Kb max_used=15196Kb free=230761Kb
 bounds [0x0000000002c10000, 0x0000000003b00000, 0x0000000011c10000]
 total_blobs=4888 nmethods=4165 adapters=636
 compilation: enabled

Compilation events (10 events):
Event: 73.960 Thread 0x00000000165a2800 4697       3       java.lang.invoke.MethodType$ConcurrentWeakInternSet$WeakEntry::<init> (15 bytes)
Event: 73.960 Thread 0x00000000165a2800 nmethod 4697 0x00000000036ff290 code [0x00000000036ff420, 0x00000000036ff808]
Event: 73.960 Thread 0x00000000165a2800 4698       3       jdk.internal.org.objectweb.asm.MethodWriter::visitLabel (281 bytes)
Event: 73.961 Thread 0x00000000165a2800 nmethod 4698 0x00000000036fe6d0 code [0x00000000036fe880, 0x00000000036ff048]
Event: 73.961 Thread 0x00000000165a2800 4699       3       jdk.internal.org.objectweb.asm.MethodWriter::noSuccessor (87 bytes)
Event: 73.962 Thread 0x00000000165a2800 nmethod 4699 0x00000000036fde50 code [0x00000000036fdfe0, 0x00000000036fe4c8]
Event: 73.965 Thread 0x00000000165a2800 4700       3       java.util.regex.Pattern$Curly::study (153 bytes)
Event: 73.965 Thread 0x00000000165a2800 nmethod 4700 0x00000000036fd550 code [0x00000000036fd6e0, 0x00000000036fdc98]
Event: 74.168 Thread 0x00000000165a2800 4701       1       java.lang.invoke.InnerClassLambdaMetafactory::access$300 (5 bytes)
Event: 74.168 Thread 0x00000000165a2800 nmethod 4701 0x00000000037ee790 code [0x00000000037ee8e0, 0x00000000037ee9d0]

GC Heap History (10 events):
Event: 71.350 GC heap before
{Heap before GC invocations=24 (full 2):
 PSYoungGen      total 21504K, used 18281K [0x00000000e0000000, 0x00000000e1a80000, 0x0000000100000000)
  eden space 15872K, 100% used [0x00000000e0000000,0x00000000e0f80000,0x00000000e0f80000)
  from space 5632K, 42% used [0x00000000e0f80000,0x00000000e11da718,0x00000000e1500000)
  to   space 5632K, 0% used [0x00000000e1500000,0x00000000e1500000,0x00000000e1a80000)
 ParOldGen       total 33280K, used 14426K [0x00000000a0000000, 0x00000000a2080000, 0x00000000e0000000)
  object space 33280K, 43% used [0x00000000a0000000,0x00000000a0e16978,0x00000000a2080000)
 Metaspace       used 37540K, capacity 38374K, committed 38616K, reserved 1083392K
  class space    used 5048K, capacity 5331K, committed 5376K, reserved 1048576K
Event: 71.354 GC heap after
Heap after GC invocations=24 (full 2):
 PSYoungGen      total 20480K, used 1433K [0x00000000e0000000, 0x00000000e1980000, 0x0000000100000000)
  eden space 15872K, 0% used [0x00000000e0000000,0x00000000e0000000,0x00000000e0f80000)
  from space 4608K, 31% used [0x00000000e1500000,0x00000000e16664c0,0x00000000e1980000)
  to   space 5120K, 0% used [0x00000000e0f80000,0x00000000e0f80000,0x00000000e1480000)
 ParOldGen       total 33280K, used 14434K [0x00000000a0000000, 0x00000000a2080000, 0x00000000e0000000)
  object space 33280K, 43% used [0x00000000a0000000,0x00000000a0e18978,0x00000000a2080000)
 Metaspace       used 37540K, capacity 38374K, committed 38616K, reserved 1083392K
  class space    used 5048K, capacity 5331K, committed 5376K, reserved 1048576K
}
Event: 71.567 GC heap before
{Heap before GC invocations=25 (full 2):
 PSYoungGen      total 20480K, used 17305K [0x00000000e0000000, 0x00000000e1980000, 0x0000000100000000)
  eden space 15872K, 100% used [0x00000000e0000000,0x00000000e0f80000,0x00000000e0f80000)
  from space 4608K, 31% used [0x00000000e1500000,0x00000000e16664c0,0x00000000e1980000)
  to   space 5120K, 0% used [0x00000000e0f80000,0x00000000e0f80000,0x00000000e1480000)
 ParOldGen       total 33280K, used 14434K [0x00000000a0000000, 0x00000000a2080000, 0x00000000e0000000)
  object space 33280K, 43% used [0x00000000a0000000,0x00000000a0e18978,0x00000000a2080000)
 Metaspace       used 37680K, capacity 38502K, committed 38872K, reserved 1083392K
  class space    used 5056K, capacity 5331K, committed 5376K, reserved 1048576K
Event: 71.572 GC heap after
Heap after GC invocations=25 (full 2):
 PSYoungGen      total 20992K, used 1408K [0x00000000e0000000, 0x00000000e1e00000, 0x0000000100000000)
  eden space 15872K, 0% used [0x00000000e0000000,0x00000000e0000000,0x00000000e0f80000)
  from space 5120K, 27% used [0x00000000e0f80000,0x00000000e10e0000,0x00000000e1480000)
  to   space 5120K, 0% used [0x00000000e1900000,0x00000000e1900000,0x00000000e1e00000)
 ParOldGen       total 33280K, used 14762K [0x00000000a0000000, 0x00000000a2080000, 0x00000000e0000000)
  object space 33280K, 44% used [0x00000000a0000000,0x00000000a0e6a978,0x00000000a2080000)
 Metaspace       used 37680K, capacity 38502K, committed 38872K, reserved 1083392K
  class space    used 5056K, capacity 5331K, committed 5376K, reserved 1048576K
}
Event: 72.306 GC heap before
{Heap before GC invocations=26 (full 2):
 PSYoungGen      total 20992K, used 17280K [0x00000000e0000000, 0x00000000e1e00000, 0x0000000100000000)
  eden space 15872K, 100% used [0x00000000e0000000,0x00000000e0f80000,0x00000000e0f80000)
  from space 5120K, 27% used [0x00000000e0f80000,0x00000000e10e0000,0x00000000e1480000)
  to   space 5120K, 0% used [0x00000000e1900000,0x00000000e1900000,0x00000000e1e00000)
 ParOldGen       total 33280K, used 14762K [0x00000000a0000000, 0x00000000a2080000, 0x00000000e0000000)
  object space 33280K, 44% used [0x00000000a0000000,0x00000000a0e6a978,0x00000000a2080000)
 Metaspace       used 39250K, capacity 40026K, committed 40280K, reserved 1083392K
  class space    used 5247K, capacity 5495K, committed 5504K, reserved 1048576K
Event: 72.319 GC heap after
Heap after GC invocations=26 (full 2):
 PSYoungGen      total 25600K, used 1775K [0x00000000e0000000, 0x00000000e1e80000, 0x0000000100000000)
  eden space 20480K, 0% used [0x00000000e0000000,0x00000000e0000000,0x00000000e1400000)
  from space 5120K, 34% used [0x00000000e1900000,0x00000000e1abbf50,0x00000000e1e00000)
  to   space 5120K, 0% used [0x00000000e1400000,0x00000000e1400000,0x00000000e1900000)
 ParOldGen       total 33280K, used 15970K [0x00000000a0000000, 0x00000000a2080000, 0x00000000e0000000)
  object space 33280K, 47% used [0x00000000a0000000,0x00000000a0f98978,0x00000000a2080000)
 Metaspace       used 39250K, capacity 40026K, committed 40280K, reserved 1083392K
  class space    used 5247K, capacity 5495K, committed 5504K, reserved 1048576K
}
Event: 73.028 GC heap before
{Heap before GC invocations=27 (full 2):
 PSYoungGen      total 25600K, used 22224K [0x00000000e0000000, 0x00000000e1e80000, 0x0000000100000000)
  eden space 20480K, 99% used [0x00000000e0000000,0x00000000e13f8120,0x00000000e1400000)
  from space 5120K, 34% used [0x00000000e1900000,0x00000000e1abbf50,0x00000000e1e00000)
  to   space 5120K, 0% used [0x00000000e1400000,0x00000000e1400000,0x00000000e1900000)
 ParOldGen       total 33280K, used 15970K [0x00000000a0000000, 0x00000000a2080000, 0x00000000e0000000)
  object space 33280K, 47% used [0x00000000a0000000,0x00000000a0f98978,0x00000000a2080000)
 Metaspace       used 40677K, capacity 41554K, committed 42072K, reserved 1085440K
  class space    used 5399K, capacity 5673K, committed 5760K, reserved 1048576K
Event: 73.033 GC heap after
Heap after GC invocations=27 (full 2):
 PSYoungGen      total 25600K, used 4138K [0x00000000e0000000, 0x00000000e2380000, 0x0000000100000000)
  eden space 20480K, 0% used [0x00000000e0000000,0x00000000e0000000,0x00000000e1400000)
  from space 5120K, 80% used [0x00000000e1400000,0x00000000e180a960,0x00000000e1900000)
  to   space 5632K, 0% used [0x00000000e1e00000,0x00000000e1e00000,0x00000000e2380000)
 ParOldGen       total 33280K, used 16830K [0x00000000a0000000, 0x00000000a2080000, 0x00000000e0000000)
  object space 33280K, 50% used [0x00000000a0000000,0x00000000a106f988,0x00000000a2080000)
 Metaspace       used 40677K, capacity 41554K, committed 42072K, reserved 1085440K
  class space    used 5399K, capacity 5673K, committed 5760K, reserved 1048576K
}
Event: 73.566 GC heap before
{Heap before GC invocations=28 (full 2):
 PSYoungGen      total 25600K, used 24618K [0x00000000e0000000, 0x00000000e2380000, 0x0000000100000000)
  eden space 20480K, 100% used [0x00000000e0000000,0x00000000e1400000,0x00000000e1400000)
  from space 5120K, 80% used [0x00000000e1400000,0x00000000e180a960,0x00000000e1900000)
  to   space 5632K, 0% used [0x00000000e1e00000,0x00000000e1e00000,0x00000000e2380000)
 ParOldGen       total 33280K, used 16830K [0x00000000a0000000, 0x00000000a2080000, 0x00000000e0000000)
  object space 33280K, 50% used [0x00000000a0000000,0x00000000a106f988,0x00000000a2080000)
 Metaspace       used 41291K, capacity 42178K, committed 42456K, reserved 1085440K
  class space    used 5507K, capacity 5794K, committed 5888K, reserved 1048576K
Event: 73.573 GC heap after
Heap after GC invocations=28 (full 2):
 PSYoungGen      total 29696K, used 2854K [0x00000000e0000000, 0x00000000e2280000, 0x0000000100000000)
  eden space 25088K, 0% used [0x00000000e0000000,0x00000000e0000000,0x00000000e1880000)
  from space 4608K, 61% used [0x00000000e1e00000,0x00000000e20c9b30,0x00000000e2280000)
  to   space 5120K, 0% used [0x00000000e1880000,0x00000000e1880000,0x00000000e1d80000)
 ParOldGen       total 33280K, used 19316K [0x00000000a0000000, 0x00000000a2080000, 0x00000000e0000000)
  object space 33280K, 58% used [0x00000000a0000000,0x00000000a12dd050,0x00000000a2080000)
 Metaspace       used 41291K, capacity 42178K, committed 42456K, reserved 1085440K
  class space    used 5507K, capacity 5794K, committed 5888K, reserved 1048576K
}

Deoptimization events (10 events):
Event: 72.138 Thread 0x000000001936a800 Uncommon trap: reason=bimorphic action=maybe_recompile pc=0x0000000003857438 method=java.util.Hashtable.get(Ljava/lang/Object;)Ljava/lang/Object; @ 6
Event: 72.138 Thread 0x000000001936a800 Uncommon trap: reason=bimorphic action=maybe_recompile pc=0x0000000003857438 method=java.util.Hashtable.get(Ljava/lang/Object;)Ljava/lang/Object; @ 6
Event: 72.150 Thread 0x000000001936a800 Uncommon trap: reason=unstable_if action=reinterpret pc=0x00000000035226e0 method=java.util.jar.JarFile.getInputStream(Ljava/util/zip/ZipEntry;)Ljava/io/InputStream; @ 37
Event: 72.168 Thread 0x000000001936a800 Uncommon trap: reason=unstable_if action=reinterpret pc=0x000000000311312c method=java.security.CodeSource.getCertificates()[Ljava/security/cert/Certificate; @ 22
Event: 72.169 Thread 0x000000001936a800 Uncommon trap: reason=unstable_if action=reinterpret pc=0x000000000311b244 method=java.util.jar.JarFile.maybeInstantiateVerifier()V @ 75
Event: 72.171 Thread 0x000000001936a800 Uncommon trap: reason=unstable_if action=reinterpret pc=0x0000000003860638 method=java.util.LinkedHashMap.get(Ljava/lang/Object;)Ljava/lang/Object; @ 20
Event: 73.013 Thread 0x000000001936a800 Uncommon trap: reason=unstable_if action=reinterpret pc=0x0000000003ab7c54 method=java.security.CodeSource.matchCerts(Ljava/security/CodeSource;Z)Z @ 11
Event: 73.013 Thread 0x000000001936a800 Uncommon trap: reason=unstable_if action=reinterpret pc=0x0000000003aa745c method=java.lang.ClassLoader.compareCerts([Ljava/security/cert/Certificate;[Ljava/security/cert/Certificate;)Z @ 1
Event: 73.119 Thread 0x000000001936a800 Uncommon trap: reason=unstable_if action=reinterpret pc=0x0000000003a6737c method=java.security.CodeSource.matchCerts(Ljava/security/CodeSource;Z)Z @ 11
Event: 73.256 Thread 0x000000001936a800 Uncommon trap: reason=unstable_if action=reinterpret pc=0x0000000003a86858 method=org.gradle.internal.reflect.PropertyAccessorType.of(Ljava/lang/reflect/Method;)Lorg/gradle/internal/reflect/PropertyAccessorType; @ 4

Classes redefined (0 events):
No events

Internal exceptions (10 events):
Event: 73.829 Thread 0x000000001936a800 Exception <a 'java/lang/ClassNotFoundException': org/gradle/api/internal/artifacts/dependencies/DefaultExternalModuleDependencyCustomizer> (0x00000000e08fa540) thrown at [D:\src\AOSP-openjdk-cygwin\jdk8u\hotspot\src\share\vm\classfile\systemDictionary.cpp
Event: 73.830 Thread 0x000000001936a800 Exception <a 'java/lang/ClassNotFoundException': org/gradle/api/internal/artifacts/dependencies/DefaultExternalModuleDependency_DecoratedCustomizer> (0x00000000e0948720) thrown at [D:\src\AOSP-openjdk-cygwin\jdk8u\hotspot\src\share\vm\classfile\systemDict
Event: 74.166 Thread 0x000000001936a800 Exception <a 'sun/nio/fs/WindowsException'> (0x00000000e0ee8d38) thrown at [D:\src\AOSP-openjdk-cygwin\jdk8u\hotspot\src\share\vm\prims\jni.cpp, line 709]
Event: 74.166 Thread 0x000000001936a800 Exception <a 'sun/nio/fs/WindowsException'> (0x00000000e0ee9840) thrown at [D:\src\AOSP-openjdk-cygwin\jdk8u\hotspot\src\share\vm\prims\jni.cpp, line 709]
Event: 74.166 Thread 0x000000001936a800 Exception <a 'sun/nio/fs/WindowsException'> (0x00000000e0eeb428) thrown at [D:\src\AOSP-openjdk-cygwin\jdk8u\hotspot\src\share\vm\prims\jni.cpp, line 709]
Event: 74.166 Thread 0x000000001936a800 Exception <a 'sun/nio/fs/WindowsException'> (0x00000000e0eebf68) thrown at [D:\src\AOSP-openjdk-cygwin\jdk8u\hotspot\src\share\vm\prims\jni.cpp, line 709]
Event: 74.255 Thread 0x000000001936a800 Exception <a 'sun/nio/fs/WindowsException'> (0x00000000e0efe2f8) thrown at [D:\src\AOSP-openjdk-cygwin\jdk8u\hotspot\src\share\vm\prims\jni.cpp, line 709]
Event: 74.256 Thread 0x000000001936a800 Exception <a 'sun/nio/fs/WindowsException'> (0x00000000e0efee50) thrown at [D:\src\AOSP-openjdk-cygwin\jdk8u\hotspot\src\share\vm\prims\jni.cpp, line 709]
Event: 74.256 Thread 0x000000001936a800 Exception <a 'sun/nio/fs/WindowsException'> (0x00000000e0f009f0) thrown at [D:\src\AOSP-openjdk-cygwin\jdk8u\hotspot\src\share\vm\prims\jni.cpp, line 709]
Event: 74.256 Thread 0x000000001936a800 Exception <a 'sun/nio/fs/WindowsException'> (0x00000000e0f01580) thrown at [D:\src\AOSP-openjdk-cygwin\jdk8u\hotspot\src\share\vm\prims\jni.cpp, line 709]

Events (10 events):
Event: 74.188 loading class java/util/stream/Node$OfDouble done
Event: 74.188 loading class java/util/stream/Nodes$EmptyNode$OfDouble done
Event: 74.188 loading class java/util/stream/Nodes$SpinedNodeBuilder
Event: 74.189 loading class java/util/stream/Node$Builder
Event: 74.189 loading class java/util/stream/Node$Builder done
Event: 74.189 loading class java/util/stream/SpinedBuffer
Event: 74.189 loading class java/util/stream/AbstractSpinedBuffer
Event: 74.190 loading class java/util/stream/AbstractSpinedBuffer done
Event: 74.190 loading class java/util/stream/SpinedBuffer done
Event: 74.190 loading class java/util/stream/Nodes$SpinedNodeBuilder done


Dynamic libraries:
0x00007ff74b730000 - 0x00007ff74b761000 	C:\Program Files\Android\Android Studio\jre\bin\java.exe
0x00007ffc122d0000 - 0x00007ffc124ab000 	C:\WINDOWS\SYSTEM32\ntdll.dll
0x00007ffc11290000 - 0x00007ffc1133e000 	C:\WINDOWS\System32\KERNEL32.DLL
0x00007ffc0ec20000 - 0x00007ffc0ee69000 	C:\WINDOWS\System32\KERNELBASE.dll
0x00007ffc11340000 - 0x00007ffc113e1000 	C:\WINDOWS\System32\ADVAPI32.dll
0x00007ffc12220000 - 0x00007ffc122bd000 	C:\WINDOWS\System32\msvcrt.dll
0x00007ffc0fa00000 - 0x00007ffc0fa59000 	C:\WINDOWS\System32\sechost.dll
0x00007ffc113f0000 - 0x00007ffc11515000 	C:\WINDOWS\System32\RPCRT4.dll
0x00007ffc11140000 - 0x00007ffc1128a000 	C:\WINDOWS\System32\USER32.dll
0x00007ffc0ea70000 - 0x00007ffc0ea8e000 	C:\WINDOWS\System32\win32u.dll
0x00007ffc11d40000 - 0x00007ffc11d67000 	C:\WINDOWS\System32\GDI32.dll
0x00007ffc0ea90000 - 0x00007ffc0ec17000 	C:\WINDOWS\System32\gdi32full.dll
0x00007ffc0f790000 - 0x00007ffc0f82a000 	C:\WINDOWS\System32\msvcp_win.dll
0x00007ffc0f620000 - 0x00007ffc0f716000 	C:\WINDOWS\System32\ucrtbase.dll
0x00007ffc011a0000 - 0x00007ffc01407000 	C:\WINDOWS\WinSxS\amd64_microsoft.windows.common-controls_6595b64144ccf1df_6.0.15063.483_none_26002d27e7c744a2\COMCTL32.dll
0x00007ffc11ef0000 - 0x00007ffc121e9000 	C:\WINDOWS\System32\combase.dll
0x00007ffc0f720000 - 0x00007ffc0f78a000 	C:\WINDOWS\System32\bcryptPrimitives.dll
0x00007ffc0f9d0000 - 0x00007ffc0f9fd000 	C:\WINDOWS\System32\IMM32.DLL
0x000000005acc0000 - 0x000000005ad92000 	C:\Program Files\Android\Android Studio\jre\jre\bin\msvcr100.dll
0x000000005b1d0000 - 0x000000005ba0e000 	C:\Program Files\Android\Android Studio\jre\jre\bin\server\jvm.dll
0x00007ffc121f0000 - 0x00007ffc121f8000 	C:\WINDOWS\System32\PSAPI.DLL
0x00007ffbfe230000 - 0x00007ffbfe23a000 	C:\WINDOWS\SYSTEM32\VERSION.dll
0x00007ffc0cce0000 - 0x00007ffc0cd03000 	C:\WINDOWS\SYSTEM32\WINMM.dll
0x00007ffc0ccb0000 - 0x00007ffc0ccdb000 	C:\WINDOWS\SYSTEM32\winmmbase.dll
0x00007ffc0ea20000 - 0x00007ffc0ea69000 	C:\WINDOWS\System32\cfgmgr32.dll
0x00007ffbfd2d0000 - 0x00007ffbfd2d9000 	C:\WINDOWS\SYSTEM32\WSOCK32.dll
0x00007ffc11070000 - 0x00007ffc110dc000 	C:\WINDOWS\System32\ws2_32.DLL
0x00007ffbee440000 - 0x00007ffbee44f000 	C:\Program Files\Android\Android Studio\jre\jre\bin\verify.dll
0x00007ffbe6ce0000 - 0x00007ffbe6d09000 	C:\Program Files\Android\Android Studio\jre\jre\bin\java.dll
0x00007ffbee010000 - 0x00007ffbee026000 	C:\Program Files\Android\Android Studio\jre\jre\bin\zip.dll
0x00007ffc0fc30000 - 0x00007ffc11067000 	C:\WINDOWS\System32\SHELL32.dll
0x00007ffc11520000 - 0x00007ffc115ca000 	C:\WINDOWS\System32\shcore.dll
0x00007ffc0ee70000 - 0x00007ffc0f561000 	C:\WINDOWS\System32\windows.storage.dll
0x00007ffc11720000 - 0x00007ffc11771000 	C:\WINDOWS\System32\shlwapi.dll
0x00007ffc0e7b0000 - 0x00007ffc0e7c1000 	C:\WINDOWS\System32\kernel.appcore.dll
0x00007ffc0e760000 - 0x00007ffc0e7ac000 	C:\WINDOWS\System32\powrprof.dll
0x00007ffc0e7d0000 - 0x00007ffc0e7e5000 	C:\WINDOWS\System32\profapi.dll
0x00007ffbe7ee0000 - 0x00007ffbe7efa000 	C:\Program Files\Android\Android Studio\jre\jre\bin\net.dll
0x00007ffc0dff0000 - 0x00007ffc0e04c000 	C:\WINDOWS\system32\mswsock.dll
0x00007ffbe7e20000 - 0x00007ffbe7e31000 	C:\Program Files\Android\Android Studio\jre\jre\bin\nio.dll
0x00007ffbe9120000 - 0x00007ffbe913e000 	C:\Users\Fernando\.gradle\native\25\windows-amd64\native-platform.dll
0x00007ffbff360000 - 0x00007ffbff36d000 	C:\Program Files\Android\Android Studio\jre\jre\bin\management.dll
0x00007ffc0e190000 - 0x00007ffc0e1a7000 	C:\WINDOWS\SYSTEM32\CRYPTSP.dll
0x00007ffc0dc10000 - 0x00007ffc0dc44000 	C:\WINDOWS\system32\rsaenh.dll
0x00007ffc0e570000 - 0x00007ffc0e595000 	C:\WINDOWS\SYSTEM32\bcrypt.dll
0x00007ffc0e640000 - 0x00007ffc0e669000 	C:\WINDOWS\SYSTEM32\USERENV.dll
0x00007ffc0e1b0000 - 0x00007ffc0e1bb000 	C:\WINDOWS\SYSTEM32\CRYPTBASE.dll
0x00007ffc0dd90000 - 0x00007ffc0ddc7000 	C:\WINDOWS\SYSTEM32\IPHLPAPI.DLL
0x00007ffc11d70000 - 0x00007ffc11d78000 	C:\WINDOWS\System32\NSI.dll
0x00007ffc05ba0000 - 0x00007ffc05bb6000 	C:\WINDOWS\SYSTEM32\dhcpcsvc6.DLL
0x00007ffc05b80000 - 0x00007ffc05b9a000 	C:\WINDOWS\SYSTEM32\dhcpcsvc.DLL

VM Arguments:
jvm_args: -Xmx1536m -Dfile.encoding=windows-1252 -Duser.country=CO -Duser.language=es -Duser.variant 
java_command: org.gradle.launcher.daemon.bootstrap.GradleDaemon 4.1
java_class_path (initial): C:\Users\Fernando\.gradle\wrapper\dists\gradle-4.1-all\bzyivzo6n839fup2jbap0tjew\gradle-4.1\lib\gradle-launcher-4.1.jar
Launcher Type: SUN_STANDARD

Environment Variables:
JAVA_HOME=C:\Program Files\Java\jdk-9.0.1\bin
PATH=C:\Program Files\Java\jdk-9.0.1\bin;C:\Program Files\Git\cmd;C:\WINDOWS\system32;C:\WINDOWS;C:\WINDOWS\System32\Wbem;C:\WINDOWS\System32\WindowsPowerShell\v1.0\;C:\Program Files\MongoDB\Server\3.4\bin;C:\Program Files\Java\jdk-9.0.1\bin
USERNAME=Fernan Programer
OS=Windows_NT
PROCESSOR_IDENTIFIER=Intel64 Family 6 Model 78 Stepping 3, GenuineIntel



---------------  S Y S T E M  ---------------

OS: Windows 10.0 , 64 bit Build 15063 (10.0.15063.296)

CPU:total 4 (initial active 4) (2 cores per cpu, 2 threads per core) family 6 model 78 stepping 3, cmov, cx8, fxsr, mmx, sse, sse2, sse3, ssse3, sse4.1, sse4.2, popcnt, avx, avx2, aes, clmul, erms, 3dnowpref, lzcnt, ht, tsc, tscinvbit, bmi1, bmi2, adx

Memory: 4k page, physical 4076772k(144544k free), swap 6173924k(12008k free)

vm_info: OpenJDK 64-Bit Server VM (25.152-b01) for windows-amd64 JRE (1.8.0_152-release-915-b01), built by "builder" with MS VC++ 10.0 (VS2010)

time: Thu Jan 11 19:20:33 2018
elapsed time: 74 seconds (0d 0h 1m 14s)

